2018-06-08 15:50:29,721 INFO: Enabled downloader middlewares:
['scrapy.downloadermiddlewares.httpauth.HttpAuthMiddleware',
 'scrapy.downloadermiddlewares.downloadtimeout.DownloadTimeoutMiddleware',
 'scrapy.downloadermiddlewares.defaultheaders.DefaultHeadersMiddleware',
 'scrapy.downloadermiddlewares.useragent.UserAgentMiddleware',
 'scrapy.downloadermiddlewares.retry.RetryMiddleware',
 'scrapy.downloadermiddlewares.redirect.MetaRefreshMiddleware',
 'scrapy.downloadermiddlewares.httpcompression.HttpCompressionMiddleware',
 'scrapy.downloadermiddlewares.redirect.RedirectMiddleware',
 'scrapy.downloadermiddlewares.cookies.CookiesMiddleware',
 'scrapy.downloadermiddlewares.httpproxy.HttpProxyMiddleware',
 'scrapy.downloadermiddlewares.stats.DownloaderStats']
2018-06-08 15:50:29,765 INFO: Enabled spider middlewares:
['scrapy.spidermiddlewares.httperror.HttpErrorMiddleware',
 'scrapy.spidermiddlewares.offsite.OffsiteMiddleware',
 'scrapy.spidermiddlewares.referer.RefererMiddleware',
 'scrapy.spidermiddlewares.urllength.UrlLengthMiddleware',
 'scrapy.spidermiddlewares.depth.DepthMiddleware']
2018-06-08 15:50:29,775 INFO: Enabled item pipelines:
[]
2018-06-08 15:50:29,775 INFO: Spider opened
2018-06-08 15:50:29,871 INFO: Crawled 0 pages (at 0 pages/min), scraped 0 items (at 0 items/min)
2018-06-08 15:50:29,873 DEBUG: Telnet console listening on 127.0.0.1:6023
2018-06-08 15:50:31,743 DEBUG: Crawled (200) <GET https://kith.com/> (referer: None)
2018-06-08 15:50:31,843 DEBUG: POST http://127.0.0.1:52882/session/5592ef81-853a-4608-8bd4-95c837af1408/url {"url": "https://kith.com/"}
2018-06-08 15:50:38,565 DEBUG: Finished Request
2018-06-08 15:51:08,571 INFO: Closing spider (finished)
2018-06-08 15:51:08,634 DEBUG: DELETE http://127.0.0.1:52882/session/5592ef81-853a-4608-8bd4-95c837af1408/window {}
2018-06-08 15:51:13,092 DEBUG: Finished Request
2018-06-08 15:51:13,093 INFO: Dumping Scrapy stats:
{'downloader/request_bytes': 278,
 'downloader/request_count': 1,
 'downloader/request_method_count/GET': 1,
 'downloader/response_bytes': 67808,
 'downloader/response_count': 1,
 'downloader/response_status_count/200': 1,
 'finish_reason': 'finished',
 'finish_time': datetime.datetime(2018, 6, 8, 7, 51, 8, 634136),
 'log_count/DEBUG': 8,
 'log_count/INFO': 7,
 'response_received_count': 1,
 'scheduler/dequeued': 1,
 'scheduler/dequeued/memory': 1,
 'scheduler/enqueued': 1,
 'scheduler/enqueued/memory': 1,
 'start_time': datetime.datetime(2018, 6, 8, 7, 50, 29, 871070)}
2018-06-08 15:51:13,093 INFO: Spider closed (finished)
