2018-06-08 00:56:29,189 INFO: Enabled downloader middlewares:
['scrapy.downloadermiddlewares.httpauth.HttpAuthMiddleware',
 'scrapy.downloadermiddlewares.downloadtimeout.DownloadTimeoutMiddleware',
 'scrapy.downloadermiddlewares.defaultheaders.DefaultHeadersMiddleware',
 'scrapy.downloadermiddlewares.useragent.UserAgentMiddleware',
 'scrapy.downloadermiddlewares.retry.RetryMiddleware',
 'scrapy.downloadermiddlewares.redirect.MetaRefreshMiddleware',
 'scrapy.downloadermiddlewares.httpcompression.HttpCompressionMiddleware',
 'scrapy.downloadermiddlewares.redirect.RedirectMiddleware',
 'scrapy.downloadermiddlewares.cookies.CookiesMiddleware',
 'scrapy.downloadermiddlewares.httpproxy.HttpProxyMiddleware',
 'scrapy.downloadermiddlewares.stats.DownloaderStats']
2018-06-08 00:56:29,193 INFO: Enabled spider middlewares:
['scrapy.spidermiddlewares.httperror.HttpErrorMiddleware',
 'scrapy.spidermiddlewares.offsite.OffsiteMiddleware',
 'scrapy.spidermiddlewares.referer.RefererMiddleware',
 'scrapy.spidermiddlewares.urllength.UrlLengthMiddleware',
 'scrapy.spidermiddlewares.depth.DepthMiddleware']
2018-06-08 00:56:29,194 INFO: Enabled item pipelines:
[]
2018-06-08 00:56:29,195 INFO: Spider opened
2018-06-08 00:56:29,207 INFO: Crawled 0 pages (at 0 pages/min), scraped 0 items (at 0 items/min)
2018-06-08 00:56:29,208 DEBUG: Telnet console listening on 127.0.0.1:6023
2018-06-08 00:56:29,213 ERROR: Error while obtaining start requests
Traceback (most recent call last):
  File "h:\work_data\high-sq-technology\shopify-checkout\env\lib\site-packages\scrapy\core\engine.py", line 127, in _next_request
    request = next(slot.start_requests)
  File "H:\work_data\high-sq-technology\shopify-checkout\backend\shopify\shopify\spiders\__init__.py", line 30, in start_requests
    headers=headers)
  File "h:\work_data\high-sq-technology\shopify-checkout\env\lib\site-packages\scrapy\http\request\__init__.py", line 25, in __init__
    self._set_url(url)
  File "h:\work_data\high-sq-technology\shopify-checkout\env\lib\site-packages\scrapy\http\request\__init__.py", line 56, in _set_url
    raise TypeError('Request url must be str or unicode, got %s:' % type(url).__name__)
TypeError: Request url must be str or unicode, got NoneType:
2018-06-08 00:56:29,214 INFO: Closing spider (finished)
2018-06-08 00:56:29,215 INFO: Dumping Scrapy stats:
{'finish_reason': 'finished',
 'finish_time': datetime.datetime(2018, 6, 7, 16, 56, 29, 215150),
 'log_count/DEBUG': 1,
 'log_count/ERROR': 1,
 'log_count/INFO': 7,
 'start_time': datetime.datetime(2018, 6, 7, 16, 56, 29, 207171)}
2018-06-08 00:56:29,215 INFO: Spider closed (finished)
