2018-06-08 13:49:48,371 INFO: Enabled downloader middlewares:
['scrapy.downloadermiddlewares.httpauth.HttpAuthMiddleware',
 'scrapy.downloadermiddlewares.downloadtimeout.DownloadTimeoutMiddleware',
 'scrapy.downloadermiddlewares.defaultheaders.DefaultHeadersMiddleware',
 'scrapy.downloadermiddlewares.useragent.UserAgentMiddleware',
 'scrapy.downloadermiddlewares.retry.RetryMiddleware',
 'scrapy.downloadermiddlewares.redirect.MetaRefreshMiddleware',
 'scrapy.downloadermiddlewares.httpcompression.HttpCompressionMiddleware',
 'scrapy.downloadermiddlewares.redirect.RedirectMiddleware',
 'scrapy.downloadermiddlewares.cookies.CookiesMiddleware',
 'scrapy.downloadermiddlewares.httpproxy.HttpProxyMiddleware',
 'scrapy.downloadermiddlewares.stats.DownloaderStats']
2018-06-08 13:49:48,375 INFO: Enabled spider middlewares:
['scrapy.spidermiddlewares.httperror.HttpErrorMiddleware',
 'scrapy.spidermiddlewares.offsite.OffsiteMiddleware',
 'scrapy.spidermiddlewares.referer.RefererMiddleware',
 'scrapy.spidermiddlewares.urllength.UrlLengthMiddleware',
 'scrapy.spidermiddlewares.depth.DepthMiddleware']
2018-06-08 13:49:48,376 INFO: Enabled item pipelines:
[]
2018-06-08 13:49:48,377 INFO: Spider opened
2018-06-08 13:49:48,383 INFO: Crawled 0 pages (at 0 pages/min), scraped 0 items (at 0 items/min)
2018-06-08 13:49:48,384 DEBUG: Telnet console listening on 127.0.0.1:6023
2018-06-08 13:49:50,271 DEBUG: Crawled (200) <GET https://kith.com/> (referer: None)
2018-06-08 13:49:50,373 DEBUG: POST http://127.0.0.1:56989/session/73dc1e62-7062-4c27-a2f3-9065d34b2b77/url {"url": "https://kith.com/"}
2018-06-08 13:49:58,175 DEBUG: Finished Request
2018-06-08 13:49:58,176 ERROR: Spider error processing <GET https://kith.com/> (referer: None)
Traceback (most recent call last):
  File "h:\work_data\high-sq-technology\shopify-checkout\env\lib\site-packages\twisted\internet\defer.py", line 653, in _runCallbacks
    current.result = callback(current.result, *args, **kw)
  File "H:\work_data\high-sq-technology\shopify-checkout\shopifycheckout\shopify\shopify\spiders\checkout.py", line 35, in parse
    sleep(3)
NameError: name 'sleep' is not defined
2018-06-08 13:49:58,277 INFO: Closing spider (finished)
2018-06-08 13:49:58,278 DEBUG: DELETE http://127.0.0.1:56989/session/73dc1e62-7062-4c27-a2f3-9065d34b2b77/window {}
2018-06-08 13:50:00,120 DEBUG: Finished Request
2018-06-08 13:50:00,120 INFO: Dumping Scrapy stats:
{'downloader/request_bytes': 278,
 'downloader/request_count': 1,
 'downloader/request_method_count/GET': 1,
 'downloader/response_bytes': 67797,
 'downloader/response_count': 1,
 'downloader/response_status_count/200': 1,
 'finish_reason': 'finished',
 'finish_time': datetime.datetime(2018, 6, 8, 5, 49, 58, 278542),
 'log_count/DEBUG': 8,
 'log_count/ERROR': 1,
 'log_count/INFO': 7,
 'response_received_count': 1,
 'scheduler/dequeued': 1,
 'scheduler/dequeued/memory': 1,
 'scheduler/enqueued': 1,
 'scheduler/enqueued/memory': 1,
 'spider_exceptions/NameError': 1,
 'start_time': datetime.datetime(2018, 6, 8, 5, 49, 48, 383842)}
2018-06-08 13:50:00,121 INFO: Spider closed (finished)
