2018-06-08 03:59:40,291 INFO: Enabled downloader middlewares:
['scrapy.downloadermiddlewares.httpauth.HttpAuthMiddleware',
 'scrapy.downloadermiddlewares.downloadtimeout.DownloadTimeoutMiddleware',
 'scrapy.downloadermiddlewares.defaultheaders.DefaultHeadersMiddleware',
 'scrapy.downloadermiddlewares.useragent.UserAgentMiddleware',
 'scrapy.downloadermiddlewares.retry.RetryMiddleware',
 'scrapy.downloadermiddlewares.redirect.MetaRefreshMiddleware',
 'scrapy.downloadermiddlewares.httpcompression.HttpCompressionMiddleware',
 'scrapy.downloadermiddlewares.redirect.RedirectMiddleware',
 'scrapy.downloadermiddlewares.cookies.CookiesMiddleware',
 'scrapy.downloadermiddlewares.httpproxy.HttpProxyMiddleware',
 'scrapy.downloadermiddlewares.stats.DownloaderStats']
2018-06-08 03:59:40,292 INFO: Enabled spider middlewares:
['scrapy.spidermiddlewares.httperror.HttpErrorMiddleware',
 'scrapy.spidermiddlewares.offsite.OffsiteMiddleware',
 'scrapy.spidermiddlewares.referer.RefererMiddleware',
 'scrapy.spidermiddlewares.urllength.UrlLengthMiddleware',
 'scrapy.spidermiddlewares.depth.DepthMiddleware']
2018-06-08 03:59:40,292 INFO: Enabled item pipelines:
[]
2018-06-08 03:59:40,292 INFO: Spider opened
2018-06-08 03:59:40,292 INFO: Crawled 0 pages (at 0 pages/min), scraped 0 items (at 0 items/min)
2018-06-08 03:59:40,292 DEBUG: Telnet console listening on 127.0.0.1:6023
2018-06-08 03:59:42,085 DEBUG: Crawled (200) <GET https://kith.com/> (referer: None)
2018-06-08 03:59:42,196 INFO: Closing spider (finished)
2018-06-08 03:59:42,197 DEBUG: DELETE http://127.0.0.1:52106/session/bac20366-dccc-4eba-9d0f-f0bcf7a0fe3b/window {}
2018-06-08 03:59:43,825 DEBUG: Finished Request
2018-06-08 03:59:43,825 INFO: Dumping Scrapy stats:
{'downloader/request_bytes': 278,
 'downloader/request_count': 1,
 'downloader/request_method_count/GET': 1,
 'downloader/response_bytes': 67795,
 'downloader/response_count': 1,
 'downloader/response_status_count/200': 1,
 'finish_reason': 'finished',
 'finish_time': datetime.datetime(2018, 6, 7, 19, 59, 42, 196226),
 'log_count/DEBUG': 6,
 'log_count/INFO': 7,
 'response_received_count': 1,
 'scheduler/dequeued': 1,
 'scheduler/dequeued/memory': 1,
 'scheduler/enqueued': 1,
 'scheduler/enqueued/memory': 1,
 'start_time': datetime.datetime(2018, 6, 7, 19, 59, 40, 292204)}
2018-06-08 03:59:43,825 INFO: Spider closed (finished)
