2018-06-08 04:05:34,157 INFO: Enabled downloader middlewares:
['scrapy.downloadermiddlewares.httpauth.HttpAuthMiddleware',
 'scrapy.downloadermiddlewares.downloadtimeout.DownloadTimeoutMiddleware',
 'scrapy.downloadermiddlewares.defaultheaders.DefaultHeadersMiddleware',
 'scrapy.downloadermiddlewares.useragent.UserAgentMiddleware',
 'scrapy.downloadermiddlewares.retry.RetryMiddleware',
 'scrapy.downloadermiddlewares.redirect.MetaRefreshMiddleware',
 'scrapy.downloadermiddlewares.httpcompression.HttpCompressionMiddleware',
 'scrapy.downloadermiddlewares.redirect.RedirectMiddleware',
 'scrapy.downloadermiddlewares.cookies.CookiesMiddleware',
 'scrapy.downloadermiddlewares.httpproxy.HttpProxyMiddleware',
 'scrapy.downloadermiddlewares.stats.DownloaderStats']
2018-06-08 04:05:34,157 INFO: Enabled spider middlewares:
['scrapy.spidermiddlewares.httperror.HttpErrorMiddleware',
 'scrapy.spidermiddlewares.offsite.OffsiteMiddleware',
 'scrapy.spidermiddlewares.referer.RefererMiddleware',
 'scrapy.spidermiddlewares.urllength.UrlLengthMiddleware',
 'scrapy.spidermiddlewares.depth.DepthMiddleware']
2018-06-08 04:05:34,172 INFO: Enabled item pipelines:
[]
2018-06-08 04:05:34,172 INFO: Spider opened
2018-06-08 04:05:34,177 INFO: Crawled 0 pages (at 0 pages/min), scraped 0 items (at 0 items/min)
2018-06-08 04:05:34,177 DEBUG: Telnet console listening on 127.0.0.1:6023
2018-06-08 04:05:35,805 DEBUG: Crawled (200) <GET https://kith.com/> (referer: None)
2018-06-08 04:05:35,908 INFO: Closing spider (finished)
2018-06-08 04:05:35,909 DEBUG: DELETE http://127.0.0.1:52483/session/a14dc133-0aaa-4477-85e7-f1bc70260de6/window {}
2018-06-08 04:05:37,968 DEBUG: Finished Request
2018-06-08 04:05:37,968 INFO: Dumping Scrapy stats:
{'downloader/request_bytes': 278,
 'downloader/request_count': 1,
 'downloader/request_method_count/GET': 1,
 'downloader/response_bytes': 67795,
 'downloader/response_count': 1,
 'downloader/response_status_count/200': 1,
 'finish_reason': 'finished',
 'finish_time': datetime.datetime(2018, 6, 7, 20, 5, 35, 909360),
 'log_count/DEBUG': 6,
 'log_count/INFO': 7,
 'response_received_count': 1,
 'scheduler/dequeued': 1,
 'scheduler/dequeued/memory': 1,
 'scheduler/enqueued': 1,
 'scheduler/enqueued/memory': 1,
 'start_time': datetime.datetime(2018, 6, 7, 20, 5, 34, 177789)}
2018-06-08 04:05:37,968 INFO: Spider closed (finished)
