2018-06-08 15:18:01,983 INFO: Enabled downloader middlewares:
['scrapy.downloadermiddlewares.httpauth.HttpAuthMiddleware',
 'scrapy.downloadermiddlewares.downloadtimeout.DownloadTimeoutMiddleware',
 'scrapy.downloadermiddlewares.defaultheaders.DefaultHeadersMiddleware',
 'scrapy.downloadermiddlewares.useragent.UserAgentMiddleware',
 'scrapy.downloadermiddlewares.retry.RetryMiddleware',
 'scrapy.downloadermiddlewares.redirect.MetaRefreshMiddleware',
 'scrapy.downloadermiddlewares.httpcompression.HttpCompressionMiddleware',
 'scrapy.downloadermiddlewares.redirect.RedirectMiddleware',
 'scrapy.downloadermiddlewares.cookies.CookiesMiddleware',
 'scrapy.downloadermiddlewares.httpproxy.HttpProxyMiddleware',
 'scrapy.downloadermiddlewares.stats.DownloaderStats']
2018-06-08 15:18:01,988 INFO: Enabled spider middlewares:
['scrapy.spidermiddlewares.httperror.HttpErrorMiddleware',
 'scrapy.spidermiddlewares.offsite.OffsiteMiddleware',
 'scrapy.spidermiddlewares.referer.RefererMiddleware',
 'scrapy.spidermiddlewares.urllength.UrlLengthMiddleware',
 'scrapy.spidermiddlewares.depth.DepthMiddleware']
2018-06-08 15:18:01,989 INFO: Enabled item pipelines:
[]
2018-06-08 15:18:01,990 INFO: Spider opened
2018-06-08 15:18:02,001 INFO: Crawled 0 pages (at 0 pages/min), scraped 0 items (at 0 items/min)
2018-06-08 15:18:02,003 DEBUG: Telnet console listening on 127.0.0.1:6023
2018-06-08 15:18:04,070 DEBUG: Crawled (200) <GET https://kith.com/> (referer: None)
2018-06-08 15:18:04,171 DEBUG: POST http://127.0.0.1:63375/session/46ac7fe8-36e7-4e63-8111-8fb7ddb30f79/url {"url": "https://kith.com/"}
2018-06-08 15:18:12,281 DEBUG: Finished Request
2018-06-08 15:20:22,266 INFO: Received SIGINT, shutting down gracefully. Send again to force 
2018-06-08 15:20:35,480 INFO: Received SIGINT twice, forcing unclean shutdown
