2018-06-08 01:11:31,633 INFO: Enabled downloader middlewares:
['scrapy.downloadermiddlewares.httpauth.HttpAuthMiddleware',
 'scrapy.downloadermiddlewares.downloadtimeout.DownloadTimeoutMiddleware',
 'scrapy.downloadermiddlewares.defaultheaders.DefaultHeadersMiddleware',
 'scrapy.downloadermiddlewares.useragent.UserAgentMiddleware',
 'scrapy.downloadermiddlewares.retry.RetryMiddleware',
 'scrapy.downloadermiddlewares.redirect.MetaRefreshMiddleware',
 'scrapy.downloadermiddlewares.httpcompression.HttpCompressionMiddleware',
 'scrapy.downloadermiddlewares.redirect.RedirectMiddleware',
 'scrapy.downloadermiddlewares.cookies.CookiesMiddleware',
 'scrapy.downloadermiddlewares.httpproxy.HttpProxyMiddleware',
 'scrapy.downloadermiddlewares.stats.DownloaderStats']
2018-06-08 01:11:31,637 INFO: Enabled spider middlewares:
['scrapy.spidermiddlewares.httperror.HttpErrorMiddleware',
 'scrapy.spidermiddlewares.offsite.OffsiteMiddleware',
 'scrapy.spidermiddlewares.referer.RefererMiddleware',
 'scrapy.spidermiddlewares.urllength.UrlLengthMiddleware',
 'scrapy.spidermiddlewares.depth.DepthMiddleware']
2018-06-08 01:11:31,638 INFO: Enabled item pipelines:
[]
2018-06-08 01:11:31,638 CRITICAL: Unhandled error in Deferred:
2018-06-08 01:11:31,639 CRITICAL: 
Traceback (most recent call last):
  File "h:\work_data\high-sq-technology\shopify-checkout\env\lib\site-packages\twisted\internet\defer.py", line 1386, in _inlineCallbacks
    result = g.send(result)
  File "h:\work_data\high-sq-technology\shopify-checkout\env\lib\site-packages\scrapy\crawler.py", line 81, in crawl
    start_requests = iter(self.spider.start_requests())
  File "H:\work_data\high-sq-technology\shopify-checkout\backend\shopify\shopify\spiders\__init__.py", line 32, in start_requests
    return [Request(self.spd['start_url'],
AttributeError: 'CheckoutSpider' object has no attribute 'spd'
