2018-06-08 13:50:25,227 INFO: Enabled downloader middlewares:
['scrapy.downloadermiddlewares.httpauth.HttpAuthMiddleware',
 'scrapy.downloadermiddlewares.downloadtimeout.DownloadTimeoutMiddleware',
 'scrapy.downloadermiddlewares.defaultheaders.DefaultHeadersMiddleware',
 'scrapy.downloadermiddlewares.useragent.UserAgentMiddleware',
 'scrapy.downloadermiddlewares.retry.RetryMiddleware',
 'scrapy.downloadermiddlewares.redirect.MetaRefreshMiddleware',
 'scrapy.downloadermiddlewares.httpcompression.HttpCompressionMiddleware',
 'scrapy.downloadermiddlewares.redirect.RedirectMiddleware',
 'scrapy.downloadermiddlewares.cookies.CookiesMiddleware',
 'scrapy.downloadermiddlewares.httpproxy.HttpProxyMiddleware',
 'scrapy.downloadermiddlewares.stats.DownloaderStats']
2018-06-08 13:50:25,230 INFO: Enabled spider middlewares:
['scrapy.spidermiddlewares.httperror.HttpErrorMiddleware',
 'scrapy.spidermiddlewares.offsite.OffsiteMiddleware',
 'scrapy.spidermiddlewares.referer.RefererMiddleware',
 'scrapy.spidermiddlewares.urllength.UrlLengthMiddleware',
 'scrapy.spidermiddlewares.depth.DepthMiddleware']
2018-06-08 13:50:25,231 INFO: Enabled item pipelines:
[]
2018-06-08 13:50:25,232 INFO: Spider opened
2018-06-08 13:50:25,240 INFO: Crawled 0 pages (at 0 pages/min), scraped 0 items (at 0 items/min)
2018-06-08 13:50:25,241 DEBUG: Telnet console listening on 127.0.0.1:6023
2018-06-08 13:50:27,000 DEBUG: Crawled (200) <GET https://kith.com/> (referer: None)
2018-06-08 13:50:27,102 DEBUG: POST http://127.0.0.1:57100/session/ea6c0188-87df-419a-8ed3-b3ed805a8611/url {"url": "https://kith.com/"}
2018-06-08 13:50:33,800 DEBUG: Finished Request
2018-06-08 14:40:33,878 INFO: Crawled 1 pages (at 1 pages/min), scraped 0 items (at 0 items/min)
2018-06-08 14:40:33,878 INFO: Closing spider (finished)
2018-06-08 14:40:33,878 DEBUG: DELETE http://127.0.0.1:57100/session/ea6c0188-87df-419a-8ed3-b3ed805a8611/window {}
2018-06-08 14:40:34,275 DEBUG: Finished Request
2018-06-08 14:40:34,275 ERROR: Error caught on signal handler: <function Spider.close at 0x0000022A08BCA730>
Traceback (most recent call last):
  File "h:\work_data\high-sq-technology\shopify-checkout\env\lib\site-packages\twisted\internet\defer.py", line 150, in maybeDeferred
    result = f(*args, **kw)
  File "h:\work_data\high-sq-technology\shopify-checkout\env\lib\site-packages\pydispatch\robustapply.py", line 55, in robustApply
    return receiver(*arguments, **named)
  File "h:\work_data\high-sq-technology\shopify-checkout\env\lib\site-packages\scrapy\spiders\__init__.py", line 104, in close
    return closed(reason)
  File "H:\work_data\high-sq-technology\shopify-checkout\shopifycheckout\shopify\shopify\selenium.py", line 220, in closed
    self.driver.close()
  File "h:\work_data\high-sq-technology\shopify-checkout\env\lib\site-packages\selenium\webdriver\remote\webdriver.py", line 679, in close
    self.execute(Command.CLOSE)
  File "h:\work_data\high-sq-technology\shopify-checkout\env\lib\site-packages\selenium\webdriver\remote\webdriver.py", line 312, in execute
    self.error_handler.check_response(response)
  File "h:\work_data\high-sq-technology\shopify-checkout\env\lib\site-packages\selenium\webdriver\remote\errorhandler.py", line 242, in check_response
    raise exception_class(message, screen, stacktrace)
selenium.common.exceptions.WebDriverException: Message: Failed to write response to stream

2018-06-08 14:40:34,334 INFO: Dumping Scrapy stats:
{'downloader/request_bytes': 278,
 'downloader/request_count': 1,
 'downloader/request_method_count/GET': 1,
 'downloader/response_bytes': 67795,
 'downloader/response_count': 1,
 'downloader/response_status_count/200': 1,
 'finish_reason': 'finished',
 'finish_time': datetime.datetime(2018, 6, 8, 6, 40, 33, 878123),
 'log_count/DEBUG': 8,
 'log_count/ERROR': 1,
 'log_count/INFO': 8,
 'response_received_count': 1,
 'scheduler/dequeued': 1,
 'scheduler/dequeued/memory': 1,
 'scheduler/enqueued': 1,
 'scheduler/enqueued/memory': 1,
 'start_time': datetime.datetime(2018, 6, 8, 5, 50, 25, 240043)}
2018-06-08 14:40:34,334 INFO: Spider closed (finished)
