2018-06-08 02:16:25,905 INFO: Enabled downloader middlewares:
['scrapy.downloadermiddlewares.httpauth.HttpAuthMiddleware',
 'scrapy.downloadermiddlewares.downloadtimeout.DownloadTimeoutMiddleware',
 'scrapy.downloadermiddlewares.defaultheaders.DefaultHeadersMiddleware',
 'scrapy.downloadermiddlewares.useragent.UserAgentMiddleware',
 'scrapy.downloadermiddlewares.retry.RetryMiddleware',
 'scrapy.downloadermiddlewares.redirect.MetaRefreshMiddleware',
 'scrapy.downloadermiddlewares.httpcompression.HttpCompressionMiddleware',
 'scrapy.downloadermiddlewares.redirect.RedirectMiddleware',
 'scrapy.downloadermiddlewares.cookies.CookiesMiddleware',
 'scrapy.downloadermiddlewares.httpproxy.HttpProxyMiddleware',
 'scrapy.downloadermiddlewares.stats.DownloaderStats']
2018-06-08 02:16:25,941 INFO: Enabled spider middlewares:
['scrapy.spidermiddlewares.httperror.HttpErrorMiddleware',
 'scrapy.spidermiddlewares.offsite.OffsiteMiddleware',
 'scrapy.spidermiddlewares.referer.RefererMiddleware',
 'scrapy.spidermiddlewares.urllength.UrlLengthMiddleware',
 'scrapy.spidermiddlewares.depth.DepthMiddleware']
2018-06-08 02:16:25,950 INFO: Enabled item pipelines:
[]
2018-06-08 02:16:25,950 INFO: Spider opened
2018-06-08 02:16:26,043 INFO: Crawled 0 pages (at 0 pages/min), scraped 0 items (at 0 items/min)
2018-06-08 02:16:26,044 DEBUG: Telnet console listening on 127.0.0.1:6023
2018-06-08 02:16:30,732 DEBUG: Crawled (200) <GET https://kith.com/> (referer: None)
2018-06-08 02:16:30,834 INFO: Closing spider (finished)
2018-06-08 02:16:30,834 DEBUG: DELETE http://127.0.0.1:59526/session/1ae1e31d-8fb8-41f4-bdf7-0fa6bfa82a7d/window {}
2018-06-08 02:16:32,400 DEBUG: Finished Request
2018-06-08 02:16:32,401 INFO: Dumping Scrapy stats:
{'downloader/request_bytes': 278,
 'downloader/request_count': 1,
 'downloader/request_method_count/GET': 1,
 'downloader/response_bytes': 67809,
 'downloader/response_count': 1,
 'downloader/response_status_count/200': 1,
 'finish_reason': 'finished',
 'finish_time': datetime.datetime(2018, 6, 7, 18, 16, 30, 834930),
 'log_count/DEBUG': 6,
 'log_count/INFO': 7,
 'response_received_count': 1,
 'scheduler/dequeued': 1,
 'scheduler/dequeued/memory': 1,
 'scheduler/enqueued': 1,
 'scheduler/enqueued/memory': 1,
 'start_time': datetime.datetime(2018, 6, 7, 18, 16, 26, 43245)}
2018-06-08 02:16:32,401 INFO: Spider closed (finished)
