2018-06-08 13:42:17,185 INFO: Enabled downloader middlewares:
['scrapy.downloadermiddlewares.httpauth.HttpAuthMiddleware',
 'scrapy.downloadermiddlewares.downloadtimeout.DownloadTimeoutMiddleware',
 'scrapy.downloadermiddlewares.defaultheaders.DefaultHeadersMiddleware',
 'scrapy.downloadermiddlewares.useragent.UserAgentMiddleware',
 'scrapy.downloadermiddlewares.retry.RetryMiddleware',
 'scrapy.downloadermiddlewares.redirect.MetaRefreshMiddleware',
 'scrapy.downloadermiddlewares.httpcompression.HttpCompressionMiddleware',
 'scrapy.downloadermiddlewares.redirect.RedirectMiddleware',
 'scrapy.downloadermiddlewares.cookies.CookiesMiddleware',
 'scrapy.downloadermiddlewares.httpproxy.HttpProxyMiddleware',
 'scrapy.downloadermiddlewares.stats.DownloaderStats']
2018-06-08 13:42:17,188 INFO: Enabled spider middlewares:
['scrapy.spidermiddlewares.httperror.HttpErrorMiddleware',
 'scrapy.spidermiddlewares.offsite.OffsiteMiddleware',
 'scrapy.spidermiddlewares.referer.RefererMiddleware',
 'scrapy.spidermiddlewares.urllength.UrlLengthMiddleware',
 'scrapy.spidermiddlewares.depth.DepthMiddleware']
2018-06-08 13:42:17,189 INFO: Enabled item pipelines:
[]
2018-06-08 13:42:17,189 INFO: Spider opened
2018-06-08 13:42:17,195 INFO: Crawled 0 pages (at 0 pages/min), scraped 0 items (at 0 items/min)
2018-06-08 13:42:17,196 DEBUG: Telnet console listening on 127.0.0.1:6023
2018-06-08 13:42:18,909 DEBUG: Crawled (200) <GET https://kith.com/> (referer: None)
2018-06-08 13:42:19,011 DEBUG: POST http://127.0.0.1:56813/session/a31983b9-5c56-4eba-b5b5-cff1fa9d9b3b/url {"url": "https://kith.com/"}
2018-06-08 13:42:25,387 DEBUG: Finished Request
2018-06-08 13:42:25,391 INFO: Closing spider (finished)
2018-06-08 13:42:25,391 DEBUG: DELETE http://127.0.0.1:56813/session/a31983b9-5c56-4eba-b5b5-cff1fa9d9b3b/window {}
2018-06-08 13:42:27,293 DEBUG: Finished Request
2018-06-08 13:42:27,294 INFO: Dumping Scrapy stats:
{'downloader/request_bytes': 278,
 'downloader/request_count': 1,
 'downloader/request_method_count/GET': 1,
 'downloader/response_bytes': 67797,
 'downloader/response_count': 1,
 'downloader/response_status_count/200': 1,
 'finish_reason': 'finished',
 'finish_time': datetime.datetime(2018, 6, 8, 5, 42, 25, 391421),
 'log_count/DEBUG': 8,
 'log_count/INFO': 7,
 'response_received_count': 1,
 'scheduler/dequeued': 1,
 'scheduler/dequeued/memory': 1,
 'scheduler/enqueued': 1,
 'scheduler/enqueued/memory': 1,
 'start_time': datetime.datetime(2018, 6, 8, 5, 42, 17, 195843)}
2018-06-08 13:42:27,296 INFO: Spider closed (finished)
