2018-06-07 21:34:22,618 CRITICAL: Unhandled error in Deferred:
2018-06-07 21:34:22,619 CRITICAL: 
Traceback (most recent call last):
  File "h:\work_data\high-sq-technology\shopify-checkout\env\lib\site-packages\twisted\internet\defer.py", line 1386, in _inlineCallbacks
    result = g.send(result)
  File "h:\work_data\high-sq-technology\shopify-checkout\env\lib\site-packages\scrapy\crawler.py", line 80, in crawl
    self.engine = self._create_engine()
  File "h:\work_data\high-sq-technology\shopify-checkout\env\lib\site-packages\scrapy\crawler.py", line 105, in _create_engine
    return ExecutionEngine(self, lambda _: self.stop())
  File "h:\work_data\high-sq-technology\shopify-checkout\env\lib\site-packages\scrapy\core\engine.py", line 69, in __init__
    self.downloader = downloader_cls(crawler)
  File "h:\work_data\high-sq-technology\shopify-checkout\env\lib\site-packages\scrapy\core\downloader\__init__.py", line 88, in __init__
    self.middleware = DownloaderMiddlewareManager.from_crawler(crawler)
  File "h:\work_data\high-sq-technology\shopify-checkout\env\lib\site-packages\scrapy\middleware.py", line 58, in from_crawler
    return cls.from_settings(crawler.settings, crawler)
  File "h:\work_data\high-sq-technology\shopify-checkout\env\lib\site-packages\scrapy\middleware.py", line 34, in from_settings
    mwcls = load_object(clspath)
  File "h:\work_data\high-sq-technology\shopify-checkout\env\lib\site-packages\scrapy\utils\misc.py", line 44, in load_object
    mod = import_module(module)
  File "h:\work_data\high-sq-technology\shopify-checkout\env\lib\importlib\__init__.py", line 126, in import_module
    return _bootstrap._gcd_import(name[level:], package, level)
  File "<frozen importlib._bootstrap>", line 994, in _gcd_import
  File "<frozen importlib._bootstrap>", line 971, in _find_and_load
  File "<frozen importlib._bootstrap>", line 955, in _find_and_load_unlocked
  File "<frozen importlib._bootstrap>", line 665, in _load_unlocked
  File "<frozen importlib._bootstrap_external>", line 678, in exec_module
  File "<frozen importlib._bootstrap>", line 219, in _call_with_frames_removed
  File "h:\work_data\high-sq-technology\shopify-checkout\env\lib\site-packages\scrapy\downloadermiddlewares\retry.py", line 20, in <module>
    from twisted.web.client import ResponseFailed
  File "h:\work_data\high-sq-technology\shopify-checkout\env\lib\site-packages\twisted\web\client.py", line 41, in <module>
    from twisted.internet.endpoints import HostnameEndpoint, wrapClientTLS
  File "h:\work_data\high-sq-technology\shopify-checkout\env\lib\site-packages\twisted\internet\endpoints.py", line 41, in <module>
    from twisted.internet.stdio import StandardIO, PipeAddress
  File "h:\work_data\high-sq-technology\shopify-checkout\env\lib\site-packages\twisted\internet\stdio.py", line 30, in <module>
    from twisted.internet import _win32stdio
  File "h:\work_data\high-sq-technology\shopify-checkout\env\lib\site-packages\twisted\internet\_win32stdio.py", line 9, in <module>
    import win32api
ModuleNotFoundError: No module named 'win32api'
